# JRE version: Java(TM) SE Runtime Environment (11.0.1+13) (build 11.0.1+13-LTS)
# Java VM: Java HotSpot(TM) 64-Bit Server VM (11.0.1+13-LTS, mixed mode, tiered, compressed oops, g1 gc, bsd-amd64)
Heap:
 garbage-first heap   total 262144K, used 27613K [0x0000000700000000, 0x0000000800000000)
  region size 1024K, 8 young (8192K), 6 survivors (6144K)
 Metaspace       used 37046K, capacity 38014K, committed 38268K, reserved 1083392K
  class space    used 4226K, capacity 4647K, committed 4732K, reserved 1048576K
GC Heap History (10 events):
Event: 2.375 GC heap before
{Heap before GC invocations=0 (full 0):
 garbage-first heap   total 262144K, used 18432K [0x0000000700000000, 0x0000000800000000)
  region size 1024K, 17 young (17408K), 0 survivors (0K)
 Metaspace       used 20573K, capacity 21045K, committed 21248K, reserved 1069056K
  class space    used 2361K, capacity 2551K, committed 2560K, reserved 1048576K
}
Event: 2.385 GC heap after
{Heap after GC invocations=1 (full 0):
 garbage-first heap   total 262144K, used 6577K [0x0000000700000000, 0x0000000800000000)
  region size 1024K, 3 young (3072K), 3 survivors (3072K)
 Metaspace       used 20573K, capacity 21045K, committed 21248K, reserved 1069056K
  class space    used 2361K, capacity 2551K, committed 2560K, reserved 1048576K
}
Event: 2.653 GC heap before
{Heap before GC invocations=2 (full 0):
 garbage-first heap   total 262144K, used 15793K [0x0000000700000000, 0x0000000800000000)
  region size 1024K, 12 young (12288K), 3 survivors (3072K)
 Metaspace       used 22308K, capacity 22822K, committed 23164K, reserved 1069056K
  class space    used 2616K, capacity 2846K, committed 2940K, reserved 1048576K
}
Event: 2.658 GC heap after
{Heap after GC invocations=3 (full 0):
 garbage-first heap   total 262144K, used 8680K [0x0000000700000000, 0x0000000800000000)
  region size 1024K, 2 young (2048K), 2 survivors (2048K)
 Metaspace       used 22308K, capacity 22822K, committed 23164K, reserved 1069056K
  class space    used 2616K, capacity 2846K, committed 2940K, reserved 1048576K
}
Event: 45.375 GC heap before
{Heap before GC invocations=3 (full 0):
 garbage-first heap   total 262144K, used 47592K [0x0000000700000000, 0x0000000800000000)
  region size 1024K, 41 young (41984K), 2 survivors (2048K)
 Metaspace       used 33389K, capacity 33943K, committed 34428K, reserved 1079296K
  class space    used 3867K, capacity 4121K, committed 4220K, reserved 1048576K
}
Event: 45.379 GC heap after
{Heap after GC invocations=4 (full 0):
 garbage-first heap   total 262144K, used 11248K [0x0000000700000000, 0x0000000800000000)
  region size 1024K, 5 young (5120K), 5 survivors (5120K)
 Metaspace       used 33389K, capacity 33943K, committed 34428K, reserved 1079296K
  class space    used 3867K, capacity 4121K, committed 4220K, reserved 1048576K
}
Event: 55.319 GC heap before
{Heap before GC invocations=4 (full 0):
 garbage-first heap   total 262144K, used 22512K [0x0000000700000000, 0x0000000800000000)
  region size 1024K, 18 young (18432K), 5 survivors (5120K)
 Metaspace       used 34946K, capacity 35789K, committed 35964K, reserved 1081344K
  class space    used 4046K, capacity 4423K, committed 4476K, reserved 1048576K
}
Event: 55.324 GC heap after
{Heap after GC invocations=5 (full 0):
 garbage-first heap   total 262144K, used 12356K [0x0000000700000000, 0x0000000800000000)
  region size 1024K, 6 young (6144K), 6 survivors (6144K)
 Metaspace       used 34946K, capacity 35789K, committed 35964K, reserved 1081344K
  class space    used 4046K, capacity 4423K, committed 4476K, reserved 1048576K
}
Event: 8542.742 GC heap before
{Heap before GC invocations=6 (full 0):
 garbage-first heap   total 262144K, used 92228K [0x0000000700000000, 0x0000000800000000)
  region size 1024K, 73 young (74752K), 6 survivors (6144K)
 Metaspace       used 37043K, capacity 38014K, committed 38268K, reserved 1083392K
  class space    used 4226K, capacity 4647K, committed 4732K, reserved 1048576K
}
Event: 8542.779 GC heap after
{Heap after GC invocations=7 (full 0):
 garbage-first heap   total 262144K, used 26589K [0x0000000700000000, 0x0000000800000000)
  region size 1024K, 6 young (6144K), 6 survivors (6144K)
 Metaspace       used 37043K, capacity 38014K, committed 38268K, reserved 1083392K
  class space    used 4226K, capacity 4647K, committed 4732K, reserved 1048576K
}

