# JRE version: Java(TM) SE Runtime Environment (11.0.1+13) (build 11.0.1+13-LTS)
# Java VM: Java HotSpot(TM) 64-Bit Server VM (11.0.1+13-LTS, mixed mode, tiered, compressed oops, g1 gc, bsd-amd64)
Heap:
 garbage-first heap   total 262144K, used 13803K [0x0000000700000000, 0x0000000800000000)
  region size 1024K, 8 young (8192K), 6 survivors (6144K)
 Metaspace       used 34448K, capacity 34883K, committed 35840K, reserved 1081344K
  class space    used 3775K, capacity 3945K, committed 4096K, reserved 1048576K
GC Heap History (8 events):
Event: 1.450 GC heap before
{Heap before GC invocations=0 (full 0):
 garbage-first heap   total 262144K, used 20480K [0x0000000700000000, 0x0000000800000000)
  region size 1024K, 19 young (19456K), 0 survivors (0K)
 Metaspace       used 20607K, capacity 21060K, committed 21248K, reserved 1069056K
  class space    used 2368K, capacity 2552K, committed 2560K, reserved 1048576K
}
Event: 1.457 GC heap after
{Heap after GC invocations=1 (full 0):
 garbage-first heap   total 262144K, used 6923K [0x0000000700000000, 0x0000000800000000)
  region size 1024K, 3 young (3072K), 3 survivors (3072K)
 Metaspace       used 20607K, capacity 21060K, committed 21248K, reserved 1069056K
  class space    used 2368K, capacity 2552K, committed 2560K, reserved 1048576K
}
Event: 1.615 GC heap before
{Heap before GC invocations=2 (full 0):
 garbage-first heap   total 262144K, used 16139K [0x0000000700000000, 0x0000000800000000)
  region size 1024K, 12 young (12288K), 3 survivors (3072K)
 Metaspace       used 22225K, capacity 22674K, committed 23040K, reserved 1069056K
  class space    used 2593K, capacity 2814K, committed 2816K, reserved 1048576K
}
Event: 1.619 GC heap after
{Heap after GC invocations=3 (full 0):
 garbage-first heap   total 262144K, used 8542K [0x0000000700000000, 0x0000000800000000)
  region size 1024K, 2 young (2048K), 2 survivors (2048K)
 Metaspace       used 22225K, capacity 22674K, committed 23040K, reserved 1069056K
  class space    used 2593K, capacity 2814K, committed 2816K, reserved 1048576K
}
Event: 115.954 GC heap before
{Heap before GC invocations=3 (full 0):
 garbage-first heap   total 262144K, used 46430K [0x0000000700000000, 0x0000000800000000)
  region size 1024K, 39 young (39936K), 2 survivors (2048K)
 Metaspace       used 32898K, capacity 33488K, committed 34048K, reserved 1079296K
  class space    used 3747K, capacity 3981K, committed 4096K, reserved 1048576K
}
Event: 115.959 GC heap after
{Heap after GC invocations=4 (full 0):
 garbage-first heap   total 262144K, used 10757K [0x0000000700000000, 0x0000000800000000)
  region size 1024K, 4 young (4096K), 4 survivors (4096K)
 Metaspace       used 32898K, capacity 33488K, committed 34048K, reserved 1079296K
  class space    used 3747K, capacity 3981K, committed 4096K, reserved 1048576K
}
Event: 58317.299 GC heap before
{Heap before GC invocations=4 (full 0):
 garbage-first heap   total 262144K, used 87557K [0x0000000700000000, 0x0000000800000000)
  region size 1024K, 74 young (75776K), 4 survivors (4096K)
 Metaspace       used 34693K, capacity 35218K, committed 35584K, reserved 1081344K
  class space    used 3846K, capacity 4084K, committed 4096K, reserved 1048576K
}
Event: 58317.532 GC heap after
{Heap after GC invocations=5 (full 0):
 garbage-first heap   total 262144K, used 19947K [0x0000000700000000, 0x0000000800000000)
  region size 1024K, 6 young (6144K), 6 survivors (6144K)
 Metaspace       used 34693K, capacity 35218K, committed 35584K, reserved 1081344K
  class space    used 3846K, capacity 4084K, committed 4096K, reserved 1048576K
}

